<?xml version="1.0" encoding="UTF-8"?>
<!-- Generated by org.testng.reporters.JUnitReportReporter -->
<testsuite hostname="UKLONDLP66" failures="0" tests="1" name="Jupitertoys.testcase1Test" time="0.017" errors="0" timestamp="2020-02-14T19:12:55 GMT" skipped="0">
  <testcase classname="Jupitertoys.testcase1Test" name="f" time="0.017"/>
</testsuite> <!-- Jupitertoys.testcase1Test -->
