<?xml version="1.0" encoding="UTF-8"?>
<!-- Generated by org.testng.reporters.JUnitReportReporter -->
<testsuite hostname="UKLONDLP66" failures="0" tests="1" name="Jupitertoys.testcase1Test" time="0.008" errors="0" timestamp="2020-02-14T19:22:37 GMT" skipped="0">
  <testcase classname="Jupitertoys.testcase1Test" name="f" time="0.008"/>
  <system-out/>
</testsuite> <!-- Jupitertoys.testcase1Test -->
